<?xml version="1.0" encoding="UTF-8"?>
<!-- Generated by org.testng.reporters.JUnitXMLReporter -->
<testsuite hostname="EG-AMohammad" ignored="12" name="Test1" tests="2" failures="0" timestamp="2019-09-16T17:58:01 EET" time="54.354" errors="0">
  <testcase name="BD_ValidateLaunchWebsite" time="21.888" classname="test.ValidateLoginAndLaunch"/>
  <testcase name="BD_LoginSuccessfully" time="32.217" classname="test.ValidateLoginAndLaunch"/>
  <testcase name="@BeforeTest setupTest" time="0.0" classname="utilities.TestBase">
    <ignored/>
  </testcase> <!-- @BeforeTest setupTest -->
  <testcase name="@BeforeTest setupTest" time="0.0" classname="utilities.TestBase">
    <ignored/>
  </testcase> <!-- @BeforeTest setupTest -->
  <testcase name="@BeforeTest setupTest" time="0.0" classname="utilities.TestBase">
    <ignored/>
  </testcase> <!-- @BeforeTest setupTest -->
  <testcase name="@BeforeTest setupTest" time="0.0" classname="utilities.TestBase">
    <ignored/>
  </testcase> <!-- @BeforeTest setupTest -->
  <testcase name="BD_ValidateCreationOfNewAlignmentProject" time="0.0" classname="test.ValidateCreateAlignmentProject">
    <ignored/>
  </testcase> <!-- BD_ValidateCreationOfNewAlignmentProject -->
  <testcase name="@AfterTest endReport" time="0.0" classname="utilities.TestBase">
    <ignored/>
  </testcase> <!-- @AfterTest endReport -->
  <testcase name="@AfterTest endReport" time="0.0" classname="utilities.TestBase">
    <ignored/>
  </testcase> <!-- @AfterTest endReport -->
  <testcase name="@AfterTest endReport" time="0.0" classname="utilities.TestBase">
    <ignored/>
  </testcase> <!-- @AfterTest endReport -->
  <testcase name="@AfterTest endReport" time="0.0" classname="utilities.TestBase">
    <ignored/>
  </testcase> <!-- @AfterTest endReport -->
  <testcase name="BD_ValidateCreationOfNewFacility" time="0.0" classname="test.ValidateCreateNewfacility">
    <ignored/>
  </testcase> <!-- BD_ValidateCreationOfNewFacility -->
  <testcase name="BD_ValidateCreationOfNewHealthSystem" time="0.0" classname="test.ValidateCreateNewIDN">
    <ignored/>
  </testcase> <!-- BD_ValidateCreationOfNewHealthSystem -->
  <testcase name="BD_ValidateCreationOfNewPharmacyFormualry" time="0.0" classname="test.ValidateCreateNewPF">
    <ignored/>
  </testcase> <!-- BD_ValidateCreationOfNewPharmacyFormualry -->
</testsuite> <!-- Test1 -->
