<?xml version="1.0" encoding="UTF-8"?>
<!-- Generated by org.testng.reporters.JUnitXMLReporter -->
<testsuite hostname="EG-AMohammad" ignored="10" name="Test1" tests="7" failures="0" timestamp="2019-09-29T18:41:30 EET" time="419.292" errors="0">
  <testcase name="BD_ValidateLaunchWebsite" time="20.579" classname="test.ValidateLoginAndLaunch"/>
  <testcase name="BD_LoginSuccessfully" time="48.539" classname="test.ValidateLoginAndLaunch"/>
  <testcase name="BD_ValidateCreationOfNewHealthSystem" time="71.866" classname="test.ValidateCreateNewIDN"/>
  <testcase name="BD_ValidateCreationOfNewFacility" time="78.41" classname="test.ValidateCreateNewfacility"/>
  <testcase name="BD_ValidateCreationOfNewPharmacyFormualry" time="68.362" classname="test.ValidateCreateNewPF"/>
  <testcase name="BD_ValidateCreationOfNewAlignmentProject" time="129.623" classname="test.ValidateCreateAlignmentProject"/>
  <testcase name="BD_ValidateCreationOfNewAlignmentProjectDB" time="1.631" classname="test.ValidateCreationOfAlignmentProjectDB"/>
  <testcase name="@BeforeTest setupTest" time="0.0" classname="utilities.TestBase">
    <ignored/>
  </testcase> <!-- @BeforeTest setupTest -->
  <testcase name="@BeforeTest setupTest" time="0.0" classname="utilities.TestBase">
    <ignored/>
  </testcase> <!-- @BeforeTest setupTest -->
  <testcase name="@BeforeTest setupTest" time="0.0" classname="utilities.TestBase">
    <ignored/>
  </testcase> <!-- @BeforeTest setupTest -->
  <testcase name="@BeforeTest setupTest" time="0.0" classname="utilities.TestBase">
    <ignored/>
  </testcase> <!-- @BeforeTest setupTest -->
  <testcase name="@BeforeTest setupTest" time="0.0" classname="utilities.TestBase">
    <ignored/>
  </testcase> <!-- @BeforeTest setupTest -->
  <testcase name="@AfterTest endReport" time="0.0" classname="utilities.TestBase">
    <ignored/>
  </testcase> <!-- @AfterTest endReport -->
  <testcase name="@AfterTest endReport" time="0.0" classname="utilities.TestBase">
    <ignored/>
  </testcase> <!-- @AfterTest endReport -->
  <testcase name="@AfterTest endReport" time="0.0" classname="utilities.TestBase">
    <ignored/>
  </testcase> <!-- @AfterTest endReport -->
  <testcase name="@AfterTest endReport" time="0.0" classname="utilities.TestBase">
    <ignored/>
  </testcase> <!-- @AfterTest endReport -->
  <testcase name="@AfterTest endReport" time="0.0" classname="utilities.TestBase">
    <ignored/>
  </testcase> <!-- @AfterTest endReport -->
</testsuite> <!-- Test1 -->
